
jun 12, 2018 18:09:38.63 NEW SESSION
jun 12, 2018 18:09:38.65 ATTENTION: default value of option force_s3tc_enable overridden by environment.
jun 12, 2018 18:09:41.12 [2878:2878:0612/180941.122274:ERROR:in_progress_cache_impl.cc(188)] Cache is not initialized, cannot RetrieveEntry.
jun 12, 2018 18:20:47.76 Foi criada uma nova janela em uma sessão existente do navegador.
jun 12, 2018 18:30:37.15 Foi criada uma nova janela em uma sessão existente do navegador.
jun 12, 2018 18:46:52.82 Foi criada uma nova janela em uma sessão existente do navegador.
jun 12, 2018 19:18:40.61 ATTENTION: default value of option force_s3tc_enable overridden by environment.
jun 12, 2018 19:18:43.53 [5131:5131:0612/191843.532751:ERROR:in_progress_cache_impl.cc(188)] Cache is not initialized, cannot RetrieveEntry.
jun 12, 2018 19:26:48.69 ATTENTION: default value of option force_s3tc_enable overridden by environment.
jun 12, 2018 19:26:50.72 [5639:5639:0612/192650.721896:ERROR:in_progress_cache_impl.cc(188)] Cache is not initialized, cannot RetrieveEntry.

jun 13, 2018 20:16:49.20 NEW SESSION
jun 13, 2018 20:16:49.20 ATTENTION: default value of option force_s3tc_enable overridden by environment.
jun 13, 2018 20:16:49.72 Foi criada uma nova janela em uma sessão existente do navegador.
jun 13, 2018 20:22:54.62 Foi criada uma nova janela em uma sessão existente do navegador.
jun 13, 2018 20:35:33.84 ATTENTION: default value of option force_s3tc_enable overridden by environment.
jun 13, 2018 20:35:34.25 Foi criada uma nova janela em uma sessão existente do navegador.
jun 13, 2018 20:40:32.69 ATTENTION: default value of option force_s3tc_enable overridden by environment.
jun 13, 2018 20:40:32.91 Foi criada uma nova janela em uma sessão existente do navegador.
jun 13, 2018 20:54:33.41 ATTENTION: default value of option force_s3tc_enable overridden by environment.
jun 13, 2018 20:54:33.99 Foi criada uma nova janela em uma sessão existente do navegador.

jun 18, 2018 21:34:28.25 NEW SESSION
jun 18, 2018 21:34:28.25 ATTENTION: default value of option force_s3tc_enable overridden by environment.
jun 18, 2018 21:34:36.35 [4264:4264:0618/213434.410124:ERROR:in_progress_cache_impl.cc(188)] Cache is not initialized, cannot RetrieveEntry.
jun 18, 2018 22:47:13.76 [4264:5865:0618/224713.546677:ERROR:simple_index_file.cc(300)] Could not create a directory to hold the index file

jun 19, 2018 20:17:38.72 NEW SESSION
jun 19, 2018 20:17:38.72 ATTENTION: default value of option force_s3tc_enable overridden by environment.
jun 19, 2018 20:17:38.81 Foi criada uma nova janela em uma sessão existente do navegador.
jun 19, 2018 20:29:25.27 Foi criada uma nova janela em uma sessão existente do navegador.
